[30-Sep-2025 15:19:56 UTC] PHP Warning:  Attempt to read property "title" on null in C:\Users\hp\Local Sites\portfolio\app\public\wp-includes\class-wp-customize-widgets.php on line 926
[30-Sep-2025 15:21:07 UTC] PHP Warning:  Attempt to read property "title" on null in C:\Users\hp\Local Sites\portfolio\app\public\wp-includes\class-wp-customize-widgets.php on line 926
[30-Sep-2025 15:34:37 UTC] PHP Warning:  Attempt to read property "title" on null in C:\Users\hp\Local Sites\portfolio\app\public\wp-includes\class-wp-customize-widgets.php on line 926
[30-Sep-2025 16:02:13 UTC] PHP Warning:  Undefined array key "typography_font_size_tablet" in C:\Users\hp\Local Sites\portfolio\app\public\wp-content\themes\solace\inc\compatibility\elementor\font.php on line 44
[30-Sep-2025 16:02:13 UTC] PHP Warning:  Trying to access array offset on value of type null in C:\Users\hp\Local Sites\portfolio\app\public\wp-content\themes\solace\inc\compatibility\elementor\font.php on line 44
[30-Sep-2025 16:02:13 UTC] PHP Warning:  Undefined array key "typography_font_size_mobile" in C:\Users\hp\Local Sites\portfolio\app\public\wp-content\themes\solace\inc\compatibility\elementor\font.php on line 45
[30-Sep-2025 16:02:13 UTC] PHP Warning:  Trying to access array offset on value of type null in C:\Users\hp\Local Sites\portfolio\app\public\wp-content\themes\solace\inc\compatibility\elementor\font.php on line 45
[30-Sep-2025 16:02:13 UTC] PHP Warning:  Undefined array key "typography_font_size_tablet" in C:\Users\hp\Local Sites\portfolio\app\public\wp-content\themes\solace\inc\compatibility\elementor\font.php on line 51
[30-Sep-2025 16:02:13 UTC] PHP Warning:  Trying to access array offset on value of type null in C:\Users\hp\Local Sites\portfolio\app\public\wp-content\themes\solace\inc\compatibility\elementor\font.php on line 51
[30-Sep-2025 16:02:13 UTC] PHP Warning:  Undefined array key "typography_font_size_mobile" in C:\Users\hp\Local Sites\portfolio\app\public\wp-content\themes\solace\inc\compatibility\elementor\font.php on line 52
[30-Sep-2025 16:02:13 UTC] PHP Warning:  Trying to access array offset on value of type null in C:\Users\hp\Local Sites\portfolio\app\public\wp-content\themes\solace\inc\compatibility\elementor\font.php on line 52
[30-Sep-2025 16:02:13 UTC] PHP Warning:  Undefined array key "typography_line_height_tablet" in C:\Users\hp\Local Sites\portfolio\app\public\wp-content\themes\solace\inc\compatibility\elementor\font.php on line 53
[30-Sep-2025 16:02:13 UTC] PHP Warning:  Trying to access array offset on value of type null in C:\Users\hp\Local Sites\portfolio\app\public\wp-content\themes\solace\inc\compatibility\elementor\font.php on line 53
[30-Sep-2025 16:02:13 UTC] PHP Warning:  Undefined array key 4 in C:\Users\hp\Local Sites\portfolio\app\public\wp-content\themes\solace\inc\compatibility\elementor\font.php on line 54
[30-Sep-2025 16:02:13 UTC] PHP Warning:  Trying to access array offset on value of type null in C:\Users\hp\Local Sites\portfolio\app\public\wp-content\themes\solace\inc\compatibility\elementor\font.php on line 54
[30-Sep-2025 16:02:13 UTC] PHP Warning:  Trying to access array offset on value of type null in C:\Users\hp\Local Sites\portfolio\app\public\wp-content\themes\solace\inc\compatibility\elementor\font.php on line 54
[30-Sep-2025 16:02:13 UTC] PHP Warning:  Undefined array key "typography_line_height_tablet" in C:\Users\hp\Local Sites\portfolio\app\public\wp-content\themes\solace\inc\compatibility\elementor\font.php on line 55
[30-Sep-2025 16:02:13 UTC] PHP Warning:  Trying to access array offset on value of type null in C:\Users\hp\Local Sites\portfolio\app\public\wp-content\themes\solace\inc\compatibility\elementor\font.php on line 55
[30-Sep-2025 16:02:13 UTC] PHP Warning:  Undefined array key "typography_line_height_mobile" in C:\Users\hp\Local Sites\portfolio\app\public\wp-content\themes\solace\inc\compatibility\elementor\font.php on line 56
[30-Sep-2025 16:02:13 UTC] PHP Warning:  Trying to access array offset on value of type null in C:\Users\hp\Local Sites\portfolio\app\public\wp-content\themes\solace\inc\compatibility\elementor\font.php on line 56
[30-Sep-2025 16:02:13 UTC] PHP Warning:  Undefined array key "typography_font_size_tablet" in C:\Users\hp\Local Sites\portfolio\app\public\wp-content\themes\solace\inc\compatibility\elementor\font.php on line 185
[30-Sep-2025 16:02:13 UTC] PHP Warning:  Trying to access array offset on value of type null in C:\Users\hp\Local Sites\portfolio\app\public\wp-content\themes\solace\inc\compatibility\elementor\font.php on line 185
[30-Sep-2025 16:02:13 UTC] PHP Warning:  Undefined array key "typography_font_size_mobile" in C:\Users\hp\Local Sites\portfolio\app\public\wp-content\themes\solace\inc\compatibility\elementor\font.php on line 186
[30-Sep-2025 16:02:13 UTC] PHP Warning:  Trying to access array offset on value of type null in C:\Users\hp\Local Sites\portfolio\app\public\wp-content\themes\solace\inc\compatibility\elementor\font.php on line 186
[30-Sep-2025 16:02:13 UTC] PHP Warning:  Undefined array key "typography_font_size_tablet" in C:\Users\hp\Local Sites\portfolio\app\public\wp-content\themes\solace\inc\compatibility\elementor\font.php on line 187
[30-Sep-2025 16:02:13 UTC] PHP Warning:  Trying to access array offset on value of type null in C:\Users\hp\Local Sites\portfolio\app\public\wp-content\themes\solace\inc\compatibility\elementor\font.php on line 187
[30-Sep-2025 16:02:13 UTC] PHP Warning:  Undefined array key "typography_font_size_mobile" in C:\Users\hp\Local Sites\portfolio\app\public\wp-content\themes\solace\inc\compatibility\elementor\font.php on line 188
[30-Sep-2025 16:02:13 UTC] PHP Warning:  Trying to access array offset on value of type null in C:\Users\hp\Local Sites\portfolio\app\public\wp-content\themes\solace\inc\compatibility\elementor\font.php on line 188
[30-Sep-2025 16:02:13 UTC] PHP Warning:  Undefined array key "typography_line_height_tablet" in C:\Users\hp\Local Sites\portfolio\app\public\wp-content\themes\solace\inc\compatibility\elementor\font.php on line 193
[30-Sep-2025 16:02:13 UTC] PHP Warning:  Trying to access array offset on value of type null in C:\Users\hp\Local Sites\portfolio\app\public\wp-content\themes\solace\inc\compatibility\elementor\font.php on line 193
[30-Sep-2025 16:02:13 UTC] PHP Warning:  Undefined array key "typography_line_height_mobile" in C:\Users\hp\Local Sites\portfolio\app\public\wp-content\themes\solace\inc\compatibility\elementor\font.php on line 194
[30-Sep-2025 16:02:13 UTC] PHP Warning:  Trying to access array offset on value of type null in C:\Users\hp\Local Sites\portfolio\app\public\wp-content\themes\solace\inc\compatibility\elementor\font.php on line 194
[30-Sep-2025 16:02:13 UTC] PHP Warning:  Undefined array key "typography_line_height_tablet" in C:\Users\hp\Local Sites\portfolio\app\public\wp-content\themes\solace\inc\compatibility\elementor\font.php on line 196
[30-Sep-2025 16:02:13 UTC] PHP Warning:  Trying to access array offset on value of type null in C:\Users\hp\Local Sites\portfolio\app\public\wp-content\themes\solace\inc\compatibility\elementor\font.php on line 196
[30-Sep-2025 16:02:13 UTC] PHP Warning:  Undefined array key "typography_line_height_mobile" in C:\Users\hp\Local Sites\portfolio\app\public\wp-content\themes\solace\inc\compatibility\elementor\font.php on line 197
[30-Sep-2025 16:02:13 UTC] PHP Warning:  Trying to access array offset on value of type null in C:\Users\hp\Local Sites\portfolio\app\public\wp-content\themes\solace\inc\compatibility\elementor\font.php on line 197
[30-Sep-2025 16:02:13 UTC] PHP Warning:  Undefined array key "typography_font_size_tablet" in C:\Users\hp\Local Sites\portfolio\app\public\wp-content\themes\solace\inc\compatibility\elementor\font.php on line 185
[30-Sep-2025 16:02:13 UTC] PHP Warning:  Trying to access array offset on value of type null in C:\Users\hp\Local Sites\portfolio\app\public\wp-content\themes\solace\inc\compatibility\elementor\font.php on line 185
[30-Sep-2025 16:02:13 UTC] PHP Warning:  Undefined array key "typography_font_size_mobile" in C:\Users\hp\Local Sites\portfolio\app\public\wp-content\themes\solace\inc\compatibility\elementor\font.php on line 186
[30-Sep-2025 16:02:13 UTC] PHP Warning:  Trying to access array offset on value of type null in C:\Users\hp\Local Sites\portfolio\app\public\wp-content\themes\solace\inc\compatibility\elementor\font.php on line 186
[30-Sep-2025 16:02:13 UTC] PHP Warning:  Undefined array key "typography_font_size_tablet" in C:\Users\hp\Local Sites\portfolio\app\public\wp-content\themes\solace\inc\compatibility\elementor\font.php on line 187
[30-Sep-2025 16:02:13 UTC] PHP Warning:  Trying to access array offset on value of type null in C:\Users\hp\Local Sites\portfolio\app\public\wp-content\themes\solace\inc\compatibility\elementor\font.php on line 187
[30-Sep-2025 16:02:13 UTC] PHP Warning:  Undefined array key "typography_font_size_mobile" in C:\Users\hp\Local Sites\portfolio\app\public\wp-content\themes\solace\inc\compatibility\elementor\font.php on line 188
[30-Sep-2025 16:02:13 UTC] PHP Warning:  Trying to access array offset on value of type null in C:\Users\hp\Local Sites\portfolio\app\public\wp-content\themes\solace\inc\compatibility\elementor\font.php on line 188
[30-Sep-2025 16:02:13 UTC] PHP Warning:  Undefined array key "typography_line_height_tablet" in C:\Users\hp\Local Sites\portfolio\app\public\wp-content\themes\solace\inc\compatibility\elementor\font.php on line 193
[30-Sep-2025 16:02:13 UTC] PHP Warning:  Trying to access array offset on value of type null in C:\Users\hp\Local Sites\portfolio\app\public\wp-content\themes\solace\inc\compatibility\elementor\font.php on line 193
[30-Sep-2025 16:02:13 UTC] PHP Warning:  Undefined array key "typography_line_height_mobile" in C:\Users\hp\Local Sites\portfolio\app\public\wp-content\themes\solace\inc\compatibility\elementor\font.php on line 194
[30-Sep-2025 16:02:13 UTC] PHP Warning:  Trying to access array offset on value of type null in C:\Users\hp\Local Sites\portfolio\app\public\wp-content\themes\solace\inc\compatibility\elementor\font.php on line 194
[30-Sep-2025 16:02:13 UTC] PHP Warning:  Undefined array key "typography_line_height_tablet" in C:\Users\hp\Local Sites\portfolio\app\public\wp-content\themes\solace\inc\compatibility\elementor\font.php on line 196
[30-Sep-2025 16:02:13 UTC] PHP Warning:  Trying to access array offset on value of type null in C:\Users\hp\Local Sites\portfolio\app\public\wp-content\themes\solace\inc\compatibility\elementor\font.php on line 196
[30-Sep-2025 16:02:13 UTC] PHP Warning:  Undefined array key "typography_line_height_mobile" in C:\Users\hp\Local Sites\portfolio\app\public\wp-content\themes\solace\inc\compatibility\elementor\font.php on line 197
[30-Sep-2025 16:02:13 UTC] PHP Warning:  Trying to access array offset on value of type null in C:\Users\hp\Local Sites\portfolio\app\public\wp-content\themes\solace\inc\compatibility\elementor\font.php on line 197
[30-Sep-2025 16:02:13 UTC] PHP Warning:  Undefined array key "typography_font_size_tablet" in C:\Users\hp\Local Sites\portfolio\app\public\wp-content\themes\solace\inc\compatibility\elementor\font.php on line 185
[30-Sep-2025 16:02:13 UTC] PHP Warning:  Trying to access array offset on value of type null in C:\Users\hp\Local Sites\portfolio\app\public\wp-content\themes\solace\inc\compatibility\elementor\font.php on line 185
[30-Sep-2025 16:02:13 UTC] PHP Warning:  Undefined array key "typography_font_size_mobile" in C:\Users\hp\Local Sites\portfolio\app\public\wp-content\themes\solace\inc\compatibility\elementor\font.php on line 186
[30-Sep-2025 16:02:13 UTC] PHP Warning:  Trying to access array offset on value of type null in C:\Users\hp\Local Sites\portfolio\app\public\wp-content\themes\solace\inc\compatibility\elementor\font.php on line 186
[30-Sep-2025 16:02:13 UTC] PHP Warning:  Undefined array key "typography_font_size_tablet" in C:\Users\hp\Local Sites\portfolio\app\public\wp-content\themes\solace\inc\compatibility\elementor\font.php on line 187
[30-Sep-2025 16:02:13 UTC] PHP Warning:  Trying to access array offset on value of type null in C:\Users\hp\Local Sites\portfolio\app\public\wp-content\themes\solace\inc\compatibility\elementor\font.php on line 187
[30-Sep-2025 16:02:13 UTC] PHP Warning:  Undefined array key "typography_font_size_mobile" in C:\Users\hp\Local Sites\portfolio\app\public\wp-content\themes\solace\inc\compatibility\elementor\font.php on line 188
[30-Sep-2025 16:02:13 UTC] PHP Warning:  Trying to access array offset on value of type null in C:\Users\hp\Local Sites\portfolio\app\public\wp-content\themes\solace\inc\compatibility\elementor\font.php on line 188
[30-Sep-2025 16:02:13 UTC] PHP Warning:  Undefined array key "typography_line_height_tablet" in C:\Users\hp\Local Sites\portfolio\app\public\wp-content\themes\solace\inc\compatibility\elementor\font.php on line 193
[30-Sep-2025 16:02:13 UTC] PHP Warning:  Trying to access array offset on value of type null in C:\Users\hp\Local Sites\portfolio\app\public\wp-content\themes\solace\inc\compatibility\elementor\font.php on line 193
[30-Sep-2025 16:02:13 UTC] PHP Warning:  Undefined array key "typography_line_height_mobile" in C:\Users\hp\Local Sites\portfolio\app\public\wp-content\themes\solace\inc\compatibility\elementor\font.php on line 194
[30-Sep-2025 16:02:13 UTC] PHP Warning:  Trying to access array offset on value of type null in C:\Users\hp\Local Sites\portfolio\app\public\wp-content\themes\solace\inc\compatibility\elementor\font.php on line 194
[30-Sep-2025 16:02:13 UTC] PHP Warning:  Undefined array key "typography_line_height_tablet" in C:\Users\hp\Local Sites\portfolio\app\public\wp-content\themes\solace\inc\compatibility\elementor\font.php on line 196
[30-Sep-2025 16:02:13 UTC] PHP Warning:  Trying to access array offset on value of type null in C:\Users\hp\Local Sites\portfolio\app\public\wp-content\themes\solace\inc\compatibility\elementor\font.php on line 196
[30-Sep-2025 16:02:13 UTC] PHP Warning:  Undefined array key "typography_line_height_mobile" in C:\Users\hp\Local Sites\portfolio\app\public\wp-content\themes\solace\inc\compatibility\elementor\font.php on line 197
[30-Sep-2025 16:02:13 UTC] PHP Warning:  Trying to access array offset on value of type null in C:\Users\hp\Local Sites\portfolio\app\public\wp-content\themes\solace\inc\compatibility\elementor\font.php on line 197
[30-Sep-2025 16:02:13 UTC] PHP Warning:  Undefined array key "typography_font_size_tablet" in C:\Users\hp\Local Sites\portfolio\app\public\wp-content\themes\solace\inc\compatibility\elementor\font.php on line 185
[30-Sep-2025 16:02:13 UTC] PHP Warning:  Trying to access array offset on value of type null in C:\Users\hp\Local Sites\portfolio\app\public\wp-content\themes\solace\inc\compatibility\elementor\font.php on line 185
[30-Sep-2025 16:02:13 UTC] PHP Warning:  Undefined array key "typography_font_size_mobile" in C:\Users\hp\Local Sites\portfolio\app\public\wp-content\themes\solace\inc\compatibility\elementor\font.php on line 186
[30-Sep-2025 16:02:13 UTC] PHP Warning:  Trying to access array offset on value of type null in C:\Users\hp\Local Sites\portfolio\app\public\wp-content\themes\solace\inc\compatibility\elementor\font.php on line 186
[30-Sep-2025 16:02:13 UTC] PHP Warning:  Undefined array key "typography_font_size_tablet" in C:\Users\hp\Local Sites\portfolio\app\public\wp-content\themes\solace\inc\compatibility\elementor\font.php on line 187
[30-Sep-2025 16:02:13 UTC] PHP Warning:  Trying to access array offset on value of type null in C:\Users\hp\Local Sites\portfolio\app\public\wp-content\themes\solace\inc\compatibility\elementor\font.php on line 187
[30-Sep-2025 16:02:13 UTC] PHP Warning:  Undefined array key "typography_font_size_mobile" in C:\Users\hp\Local Sites\portfolio\app\public\wp-content\themes\solace\inc\compatibility\elementor\font.php on line 188
[30-Sep-2025 16:02:13 UTC] PHP Warning:  Trying to access array offset on value of type null in C:\Users\hp\Local Sites\portfolio\app\public\wp-content\themes\solace\inc\compatibility\elementor\font.php on line 188
[30-Sep-2025 16:02:13 UTC] PHP Warning:  Undefined array key "typography_line_height_tablet" in C:\Users\hp\Local Sites\portfolio\app\public\wp-content\themes\solace\inc\compatibility\elementor\font.php on line 193
[30-Sep-2025 16:02:13 UTC] PHP Warning:  Trying to access array offset on value of type null in C:\Users\hp\Local Sites\portfolio\app\public\wp-content\themes\solace\inc\compatibility\elementor\font.php on line 193
[30-Sep-2025 16:02:13 UTC] PHP Warning:  Undefined array key "typography_line_height_mobile" in C:\Users\hp\Local Sites\portfolio\app\public\wp-content\themes\solace\inc\compatibility\elementor\font.php on line 194
[30-Sep-2025 16:02:13 UTC] PHP Warning:  Trying to access array offset on value of type null in C:\Users\hp\Local Sites\portfolio\app\public\wp-content\themes\solace\inc\compatibility\elementor\font.php on line 194
[30-Sep-2025 16:02:13 UTC] PHP Warning:  Undefined array key "typography_line_height_tablet" in C:\Users\hp\Local Sites\portfolio\app\public\wp-content\themes\solace\inc\compatibility\elementor\font.php on line 196
[30-Sep-2025 16:02:13 UTC] PHP Warning:  Trying to access array offset on value of type null in C:\Users\hp\Local Sites\portfolio\app\public\wp-content\themes\solace\inc\compatibility\elementor\font.php on line 196
[30-Sep-2025 16:02:13 UTC] PHP Warning:  Undefined array key "typography_line_height_mobile" in C:\Users\hp\Local Sites\portfolio\app\public\wp-content\themes\solace\inc\compatibility\elementor\font.php on line 197
[30-Sep-2025 16:02:13 UTC] PHP Warning:  Trying to access array offset on value of type null in C:\Users\hp\Local Sites\portfolio\app\public\wp-content\themes\solace\inc\compatibility\elementor\font.php on line 197
[30-Sep-2025 16:02:13 UTC] PHP Warning:  Undefined array key 5 in C:\Users\hp\Local Sites\portfolio\app\public\wp-content\themes\solace\inc\compatibility\elementor\font.php on line 213
[30-Sep-2025 16:02:13 UTC] PHP Warning:  Undefined array key 6 in C:\Users\hp\Local Sites\portfolio\app\public\wp-content\themes\solace\inc\compatibility\elementor\font.php on line 214
[30-Sep-2025 16:02:13 UTC] PHP Warning:  Undefined array key 7 in C:\Users\hp\Local Sites\portfolio\app\public\wp-content\themes\solace\inc\compatibility\elementor\font.php on line 215
[30-Sep-2025 16:02:13 UTC] PHP Warning:  Undefined array key 8 in C:\Users\hp\Local Sites\portfolio\app\public\wp-content\themes\solace\inc\compatibility\elementor\font.php on line 216
[30-Sep-2025 16:02:13 UTC] PHP Warning:  Undefined array key 9 in C:\Users\hp\Local Sites\portfolio\app\public\wp-content\themes\solace\inc\compatibility\elementor\font.php on line 217
[30-Sep-2025 16:02:13 UTC] PHP Warning:  Undefined array key 10 in C:\Users\hp\Local Sites\portfolio\app\public\wp-content\themes\solace\inc\compatibility\elementor\font.php on line 218
[30-Sep-2025 16:13:31 UTC] Cron reschedule event error for hook: wp_generate_thumbnails_cron, Error code: invalid_schedule, Error message: Event schedule does not exist., Data: {"schedule":"wp_generate_thumbnails_cron_interval","args":[],"interval":300}
[30-Sep-2025 18:00:33 UTC] [Image Optimizer]: info in ImageOptimization\Modules\Core\Components\Migrations->run_migration(): The migration `fix_optimized_size_keys` successfully executed.
[30-Sep-2025 18:00:33 UTC] [Image Optimizer]: info in ImageOptimization\Modules\Core\Components\Migrations->run_migration(): The migration `fix_mime_type` successfully executed.
[30-Sep-2025 18:00:33 UTC] [Image Optimizer]: info in ImageOptimization\Modules\Core\Components\Migrations->run_migration(): The migration `fix_avif_with_zero_dimensions` successfully executed.
[30-Sep-2025 18:00:38 UTC] [Image Optimizer]: info in ImageOptimization\Modules\ConnectManager\Components\Connect->get_connect_status(): Status check error. Reason: User is not connected
[30-Sep-2025 18:00:38 UTC] [Image Optimizer]: info in ImageOptimization\Modules\ConnectManager\Components\Connect->get_connect_status(): Status check error. Reason: User is not connected
[30-Sep-2025 18:00:42 UTC] [Image Optimizer]: info in ImageOptimization\Modules\ConnectManager\Components\Connect->get_connect_status(): Status check error. Reason: User is not connected
[30-Sep-2025 18:00:42 UTC] [Image Optimizer]: info in ImageOptimization\Modules\ConnectManager\Components\Connect->get_connect_status(): Status check error. Reason: User is not connected
[30-Sep-2025 18:15:59 UTC] PHP Warning:  Undefined array key "system_colors" in C:\Users\hp\Local Sites\portfolio\app\public\wp-content\themes\solace\inc\compatibility\elementor\color.php on line 139
[30-Sep-2025 18:15:59 UTC] PHP Warning:  Trying to access array offset on value of type null in C:\Users\hp\Local Sites\portfolio\app\public\wp-content\themes\solace\inc\compatibility\elementor\color.php on line 139
[30-Sep-2025 18:15:59 UTC] PHP Warning:  Trying to access array offset on value of type null in C:\Users\hp\Local Sites\portfolio\app\public\wp-content\themes\solace\inc\compatibility\elementor\color.php on line 139
[30-Sep-2025 18:15:59 UTC] PHP Warning:  Undefined array key "system_colors" in C:\Users\hp\Local Sites\portfolio\app\public\wp-content\themes\solace\inc\compatibility\elementor\color.php on line 144
[30-Sep-2025 18:15:59 UTC] PHP Warning:  Trying to access array offset on value of type null in C:\Users\hp\Local Sites\portfolio\app\public\wp-content\themes\solace\inc\compatibility\elementor\color.php on line 144
[30-Sep-2025 18:15:59 UTC] PHP Warning:  Trying to access array offset on value of type null in C:\Users\hp\Local Sites\portfolio\app\public\wp-content\themes\solace\inc\compatibility\elementor\color.php on line 144
[30-Sep-2025 18:15:59 UTC] PHP Warning:  Undefined array key "system_colors" in C:\Users\hp\Local Sites\portfolio\app\public\wp-content\themes\solace\inc\compatibility\elementor\color.php on line 152
[30-Sep-2025 18:15:59 UTC] PHP Warning:  Trying to access array offset on value of type null in C:\Users\hp\Local Sites\portfolio\app\public\wp-content\themes\solace\inc\compatibility\elementor\color.php on line 152
[30-Sep-2025 18:15:59 UTC] PHP Warning:  Trying to access array offset on value of type null in C:\Users\hp\Local Sites\portfolio\app\public\wp-content\themes\solace\inc\compatibility\elementor\color.php on line 152
[30-Sep-2025 18:15:59 UTC] PHP Warning:  Undefined array key "system_colors" in C:\Users\hp\Local Sites\portfolio\app\public\wp-content\themes\solace\inc\compatibility\elementor\color.php on line 154
[30-Sep-2025 18:15:59 UTC] PHP Warning:  Trying to access array offset on value of type null in C:\Users\hp\Local Sites\portfolio\app\public\wp-content\themes\solace\inc\compatibility\elementor\color.php on line 154
[30-Sep-2025 18:15:59 UTC] PHP Warning:  Trying to access array offset on value of type null in C:\Users\hp\Local Sites\portfolio\app\public\wp-content\themes\solace\inc\compatibility\elementor\color.php on line 154
[30-Sep-2025 18:27:52 UTC] PHP Warning:  Undefined array key "system_colors" in C:\Users\hp\Local Sites\portfolio\app\public\wp-content\themes\solace\inc\compatibility\elementor\color.php on line 139
[30-Sep-2025 18:27:52 UTC] PHP Warning:  Trying to access array offset on value of type null in C:\Users\hp\Local Sites\portfolio\app\public\wp-content\themes\solace\inc\compatibility\elementor\color.php on line 139
[30-Sep-2025 18:27:52 UTC] PHP Warning:  Trying to access array offset on value of type null in C:\Users\hp\Local Sites\portfolio\app\public\wp-content\themes\solace\inc\compatibility\elementor\color.php on line 139
[30-Sep-2025 18:27:52 UTC] PHP Warning:  Undefined array key "system_colors" in C:\Users\hp\Local Sites\portfolio\app\public\wp-content\themes\solace\inc\compatibility\elementor\color.php on line 144
[30-Sep-2025 18:27:52 UTC] PHP Warning:  Trying to access array offset on value of type null in C:\Users\hp\Local Sites\portfolio\app\public\wp-content\themes\solace\inc\compatibility\elementor\color.php on line 144
[30-Sep-2025 18:27:52 UTC] PHP Warning:  Trying to access array offset on value of type null in C:\Users\hp\Local Sites\portfolio\app\public\wp-content\themes\solace\inc\compatibility\elementor\color.php on line 144
[30-Sep-2025 18:27:52 UTC] PHP Warning:  Undefined array key "system_colors" in C:\Users\hp\Local Sites\portfolio\app\public\wp-content\themes\solace\inc\compatibility\elementor\color.php on line 152
[30-Sep-2025 18:27:52 UTC] PHP Warning:  Trying to access array offset on value of type null in C:\Users\hp\Local Sites\portfolio\app\public\wp-content\themes\solace\inc\compatibility\elementor\color.php on line 152
[30-Sep-2025 18:27:52 UTC] PHP Warning:  Trying to access array offset on value of type null in C:\Users\hp\Local Sites\portfolio\app\public\wp-content\themes\solace\inc\compatibility\elementor\color.php on line 152
[30-Sep-2025 18:27:52 UTC] PHP Warning:  Undefined array key "system_colors" in C:\Users\hp\Local Sites\portfolio\app\public\wp-content\themes\solace\inc\compatibility\elementor\color.php on line 154
[30-Sep-2025 18:27:52 UTC] PHP Warning:  Trying to access array offset on value of type null in C:\Users\hp\Local Sites\portfolio\app\public\wp-content\themes\solace\inc\compatibility\elementor\color.php on line 154
[30-Sep-2025 18:27:52 UTC] PHP Warning:  Trying to access array offset on value of type null in C:\Users\hp\Local Sites\portfolio\app\public\wp-content\themes\solace\inc\compatibility\elementor\color.php on line 154
[30-Sep-2025 18:28:28 UTC] PHP Warning:  Cannot modify header information - headers already sent by (output started at C:\Users\hp\Local Sites\portfolio\app\public\wp-content\themes\solace\inc\customizer.php:1427) in C:\Users\hp\Local Sites\portfolio\app\public\wp-admin\admin-header.php on line 14
[30-Sep-2025 18:34:58 UTC] PHP Warning:  Undefined array key "system_colors" in C:\Users\hp\Local Sites\portfolio\app\public\wp-content\themes\solace\inc\compatibility\elementor\color.php on line 139
[30-Sep-2025 18:34:58 UTC] PHP Warning:  Trying to access array offset on value of type null in C:\Users\hp\Local Sites\portfolio\app\public\wp-content\themes\solace\inc\compatibility\elementor\color.php on line 139
[30-Sep-2025 18:34:58 UTC] PHP Warning:  Trying to access array offset on value of type null in C:\Users\hp\Local Sites\portfolio\app\public\wp-content\themes\solace\inc\compatibility\elementor\color.php on line 139
[30-Sep-2025 18:34:58 UTC] PHP Warning:  Undefined array key "system_colors" in C:\Users\hp\Local Sites\portfolio\app\public\wp-content\themes\solace\inc\compatibility\elementor\color.php on line 144
[30-Sep-2025 18:34:58 UTC] PHP Warning:  Trying to access array offset on value of type null in C:\Users\hp\Local Sites\portfolio\app\public\wp-content\themes\solace\inc\compatibility\elementor\color.php on line 144
[30-Sep-2025 18:34:58 UTC] PHP Warning:  Trying to access array offset on value of type null in C:\Users\hp\Local Sites\portfolio\app\public\wp-content\themes\solace\inc\compatibility\elementor\color.php on line 144
[30-Sep-2025 18:34:58 UTC] PHP Warning:  Undefined array key "system_colors" in C:\Users\hp\Local Sites\portfolio\app\public\wp-content\themes\solace\inc\compatibility\elementor\color.php on line 152
[30-Sep-2025 18:34:58 UTC] PHP Warning:  Trying to access array offset on value of type null in C:\Users\hp\Local Sites\portfolio\app\public\wp-content\themes\solace\inc\compatibility\elementor\color.php on line 152
[30-Sep-2025 18:34:58 UTC] PHP Warning:  Trying to access array offset on value of type null in C:\Users\hp\Local Sites\portfolio\app\public\wp-content\themes\solace\inc\compatibility\elementor\color.php on line 152
[30-Sep-2025 18:34:58 UTC] PHP Warning:  Undefined array key "system_colors" in C:\Users\hp\Local Sites\portfolio\app\public\wp-content\themes\solace\inc\compatibility\elementor\color.php on line 154
[30-Sep-2025 18:34:58 UTC] PHP Warning:  Trying to access array offset on value of type null in C:\Users\hp\Local Sites\portfolio\app\public\wp-content\themes\solace\inc\compatibility\elementor\color.php on line 154
[30-Sep-2025 18:34:58 UTC] PHP Warning:  Trying to access array offset on value of type null in C:\Users\hp\Local Sites\portfolio\app\public\wp-content\themes\solace\inc\compatibility\elementor\color.php on line 154
[30-Sep-2025 18:37:26 UTC] PHP Warning:  Undefined array key "system_colors" in C:\Users\hp\Local Sites\portfolio\app\public\wp-content\themes\solace\inc\compatibility\elementor\color.php on line 139
[30-Sep-2025 18:37:26 UTC] PHP Warning:  Trying to access array offset on value of type null in C:\Users\hp\Local Sites\portfolio\app\public\wp-content\themes\solace\inc\compatibility\elementor\color.php on line 139
[30-Sep-2025 18:37:26 UTC] PHP Warning:  Trying to access array offset on value of type null in C:\Users\hp\Local Sites\portfolio\app\public\wp-content\themes\solace\inc\compatibility\elementor\color.php on line 139
[30-Sep-2025 18:37:26 UTC] PHP Warning:  Undefined array key "system_colors" in C:\Users\hp\Local Sites\portfolio\app\public\wp-content\themes\solace\inc\compatibility\elementor\color.php on line 144
[30-Sep-2025 18:37:26 UTC] PHP Warning:  Trying to access array offset on value of type null in C:\Users\hp\Local Sites\portfolio\app\public\wp-content\themes\solace\inc\compatibility\elementor\color.php on line 144
[30-Sep-2025 18:37:26 UTC] PHP Warning:  Trying to access array offset on value of type null in C:\Users\hp\Local Sites\portfolio\app\public\wp-content\themes\solace\inc\compatibility\elementor\color.php on line 144
[30-Sep-2025 18:37:26 UTC] PHP Warning:  Undefined array key "system_colors" in C:\Users\hp\Local Sites\portfolio\app\public\wp-content\themes\solace\inc\compatibility\elementor\color.php on line 152
[30-Sep-2025 18:37:26 UTC] PHP Warning:  Trying to access array offset on value of type null in C:\Users\hp\Local Sites\portfolio\app\public\wp-content\themes\solace\inc\compatibility\elementor\color.php on line 152
[30-Sep-2025 18:37:26 UTC] PHP Warning:  Trying to access array offset on value of type null in C:\Users\hp\Local Sites\portfolio\app\public\wp-content\themes\solace\inc\compatibility\elementor\color.php on line 152
[30-Sep-2025 18:37:26 UTC] PHP Warning:  Undefined array key "system_colors" in C:\Users\hp\Local Sites\portfolio\app\public\wp-content\themes\solace\inc\compatibility\elementor\color.php on line 154
[30-Sep-2025 18:37:26 UTC] PHP Warning:  Trying to access array offset on value of type null in C:\Users\hp\Local Sites\portfolio\app\public\wp-content\themes\solace\inc\compatibility\elementor\color.php on line 154
[30-Sep-2025 18:37:26 UTC] PHP Warning:  Trying to access array offset on value of type null in C:\Users\hp\Local Sites\portfolio\app\public\wp-content\themes\solace\inc\compatibility\elementor\color.php on line 154
[30-Sep-2025 19:12:28 UTC] [Image Optimizer]: info in ImageOptimization\Modules\ConnectManager\Components\Connect->get_connect_status(): Status check error. Reason: User is not connected
[30-Sep-2025 19:12:28 UTC] [Image Optimizer]: info in ImageOptimization\Modules\ConnectManager\Components\Connect->get_connect_status(): Status check error. Reason: User is not connected
[30-Sep-2025 19:19:18 UTC] PHP Warning:  Cannot modify header information - headers already sent by (output started at C:\Users\hp\Local Sites\portfolio\app\public\wp-content\themes\solace\inc\customizer.php:1427) in C:\Users\hp\Local Sites\portfolio\app\public\wp-admin\admin-header.php on line 14
[30-Sep-2025 19:20:15 UTC] [Image Optimizer]: error in ImageOptimization\Modules\ConnectManager\Components\Connect->get_connect_status(): Status check error. Reason: Token Auth Guard Request Failed!: Invalid Token
[03-Oct-2025 10:31:59 UTC] PHP Warning:  Undefined array key "system_colors" in C:\Users\hp\Local Sites\portfolio\app\public\wp-content\themes\solace\inc\compatibility\elementor\color.php on line 139
[03-Oct-2025 10:31:59 UTC] PHP Warning:  Trying to access array offset on value of type null in C:\Users\hp\Local Sites\portfolio\app\public\wp-content\themes\solace\inc\compatibility\elementor\color.php on line 139
[03-Oct-2025 10:31:59 UTC] PHP Warning:  Trying to access array offset on value of type null in C:\Users\hp\Local Sites\portfolio\app\public\wp-content\themes\solace\inc\compatibility\elementor\color.php on line 139
[03-Oct-2025 10:31:59 UTC] PHP Warning:  Undefined array key "system_colors" in C:\Users\hp\Local Sites\portfolio\app\public\wp-content\themes\solace\inc\compatibility\elementor\color.php on line 144
[03-Oct-2025 10:31:59 UTC] PHP Warning:  Trying to access array offset on value of type null in C:\Users\hp\Local Sites\portfolio\app\public\wp-content\themes\solace\inc\compatibility\elementor\color.php on line 144
[03-Oct-2025 10:31:59 UTC] PHP Warning:  Trying to access array offset on value of type null in C:\Users\hp\Local Sites\portfolio\app\public\wp-content\themes\solace\inc\compatibility\elementor\color.php on line 144
[03-Oct-2025 10:31:59 UTC] PHP Warning:  Undefined array key "system_colors" in C:\Users\hp\Local Sites\portfolio\app\public\wp-content\themes\solace\inc\compatibility\elementor\color.php on line 152
[03-Oct-2025 10:31:59 UTC] PHP Warning:  Trying to access array offset on value of type null in C:\Users\hp\Local Sites\portfolio\app\public\wp-content\themes\solace\inc\compatibility\elementor\color.php on line 152
[03-Oct-2025 10:31:59 UTC] PHP Warning:  Trying to access array offset on value of type null in C:\Users\hp\Local Sites\portfolio\app\public\wp-content\themes\solace\inc\compatibility\elementor\color.php on line 152
[03-Oct-2025 10:31:59 UTC] PHP Warning:  Undefined array key "system_colors" in C:\Users\hp\Local Sites\portfolio\app\public\wp-content\themes\solace\inc\compatibility\elementor\color.php on line 154
[03-Oct-2025 10:31:59 UTC] PHP Warning:  Trying to access array offset on value of type null in C:\Users\hp\Local Sites\portfolio\app\public\wp-content\themes\solace\inc\compatibility\elementor\color.php on line 154
[03-Oct-2025 10:31:59 UTC] PHP Warning:  Trying to access array offset on value of type null in C:\Users\hp\Local Sites\portfolio\app\public\wp-content\themes\solace\inc\compatibility\elementor\color.php on line 154
[03-Oct-2025 10:41:29 UTC] PHP Warning:  Cannot modify header information - headers already sent by (output started at C:\Users\hp\Local Sites\portfolio\app\public\wp-content\themes\solace\inc\customizer.php:1427) in C:\Users\hp\Local Sites\portfolio\app\public\wp-admin\admin-header.php on line 14
[03-Oct-2025 10:47:26 UTC] PHP Warning:  Undefined array key "system_colors" in C:\Users\hp\Local Sites\portfolio\app\public\wp-content\themes\solace\inc\compatibility\elementor\color.php on line 139
[03-Oct-2025 10:47:26 UTC] PHP Warning:  Trying to access array offset on value of type null in C:\Users\hp\Local Sites\portfolio\app\public\wp-content\themes\solace\inc\compatibility\elementor\color.php on line 139
[03-Oct-2025 10:47:26 UTC] PHP Warning:  Trying to access array offset on value of type null in C:\Users\hp\Local Sites\portfolio\app\public\wp-content\themes\solace\inc\compatibility\elementor\color.php on line 139
[03-Oct-2025 10:47:26 UTC] PHP Warning:  Undefined array key "system_colors" in C:\Users\hp\Local Sites\portfolio\app\public\wp-content\themes\solace\inc\compatibility\elementor\color.php on line 144
[03-Oct-2025 10:47:26 UTC] PHP Warning:  Trying to access array offset on value of type null in C:\Users\hp\Local Sites\portfolio\app\public\wp-content\themes\solace\inc\compatibility\elementor\color.php on line 144
[03-Oct-2025 10:47:26 UTC] PHP Warning:  Trying to access array offset on value of type null in C:\Users\hp\Local Sites\portfolio\app\public\wp-content\themes\solace\inc\compatibility\elementor\color.php on line 144
[03-Oct-2025 10:47:26 UTC] PHP Warning:  Undefined array key "system_colors" in C:\Users\hp\Local Sites\portfolio\app\public\wp-content\themes\solace\inc\compatibility\elementor\color.php on line 152
[03-Oct-2025 10:47:26 UTC] PHP Warning:  Trying to access array offset on value of type null in C:\Users\hp\Local Sites\portfolio\app\public\wp-content\themes\solace\inc\compatibility\elementor\color.php on line 152
[03-Oct-2025 10:47:26 UTC] PHP Warning:  Trying to access array offset on value of type null in C:\Users\hp\Local Sites\portfolio\app\public\wp-content\themes\solace\inc\compatibility\elementor\color.php on line 152
[03-Oct-2025 10:47:26 UTC] PHP Warning:  Undefined array key "system_colors" in C:\Users\hp\Local Sites\portfolio\app\public\wp-content\themes\solace\inc\compatibility\elementor\color.php on line 154
[03-Oct-2025 10:47:26 UTC] PHP Warning:  Trying to access array offset on value of type null in C:\Users\hp\Local Sites\portfolio\app\public\wp-content\themes\solace\inc\compatibility\elementor\color.php on line 154
[03-Oct-2025 10:47:26 UTC] PHP Warning:  Trying to access array offset on value of type null in C:\Users\hp\Local Sites\portfolio\app\public\wp-content\themes\solace\inc\compatibility\elementor\color.php on line 154
[03-Oct-2025 11:20:21 UTC] PHP Warning:  Undefined array key "system_colors" in C:\Users\hp\Local Sites\portfolio\app\public\wp-content\themes\solace\inc\compatibility\elementor\color.php on line 139
[03-Oct-2025 11:20:21 UTC] PHP Warning:  Trying to access array offset on value of type null in C:\Users\hp\Local Sites\portfolio\app\public\wp-content\themes\solace\inc\compatibility\elementor\color.php on line 139
[03-Oct-2025 11:20:21 UTC] PHP Warning:  Trying to access array offset on value of type null in C:\Users\hp\Local Sites\portfolio\app\public\wp-content\themes\solace\inc\compatibility\elementor\color.php on line 139
[03-Oct-2025 11:20:21 UTC] PHP Warning:  Undefined array key "system_colors" in C:\Users\hp\Local Sites\portfolio\app\public\wp-content\themes\solace\inc\compatibility\elementor\color.php on line 144
[03-Oct-2025 11:20:21 UTC] PHP Warning:  Trying to access array offset on value of type null in C:\Users\hp\Local Sites\portfolio\app\public\wp-content\themes\solace\inc\compatibility\elementor\color.php on line 144
[03-Oct-2025 11:20:21 UTC] PHP Warning:  Trying to access array offset on value of type null in C:\Users\hp\Local Sites\portfolio\app\public\wp-content\themes\solace\inc\compatibility\elementor\color.php on line 144
[03-Oct-2025 11:20:21 UTC] PHP Warning:  Undefined array key "system_colors" in C:\Users\hp\Local Sites\portfolio\app\public\wp-content\themes\solace\inc\compatibility\elementor\color.php on line 152
[03-Oct-2025 11:20:21 UTC] PHP Warning:  Trying to access array offset on value of type null in C:\Users\hp\Local Sites\portfolio\app\public\wp-content\themes\solace\inc\compatibility\elementor\color.php on line 152
[03-Oct-2025 11:20:21 UTC] PHP Warning:  Trying to access array offset on value of type null in C:\Users\hp\Local Sites\portfolio\app\public\wp-content\themes\solace\inc\compatibility\elementor\color.php on line 152
[03-Oct-2025 11:20:21 UTC] PHP Warning:  Undefined array key "system_colors" in C:\Users\hp\Local Sites\portfolio\app\public\wp-content\themes\solace\inc\compatibility\elementor\color.php on line 154
[03-Oct-2025 11:20:21 UTC] PHP Warning:  Trying to access array offset on value of type null in C:\Users\hp\Local Sites\portfolio\app\public\wp-content\themes\solace\inc\compatibility\elementor\color.php on line 154
[03-Oct-2025 11:20:21 UTC] PHP Warning:  Trying to access array offset on value of type null in C:\Users\hp\Local Sites\portfolio\app\public\wp-content\themes\solace\inc\compatibility\elementor\color.php on line 154
[03-Oct-2025 11:51:53 UTC] PHP Warning:  Undefined array key "system_colors" in C:\Users\hp\Local Sites\portfolio\app\public\wp-content\themes\solace\inc\compatibility\elementor\color.php on line 139
[03-Oct-2025 11:51:53 UTC] PHP Warning:  Trying to access array offset on value of type null in C:\Users\hp\Local Sites\portfolio\app\public\wp-content\themes\solace\inc\compatibility\elementor\color.php on line 139
[03-Oct-2025 11:51:53 UTC] PHP Warning:  Trying to access array offset on value of type null in C:\Users\hp\Local Sites\portfolio\app\public\wp-content\themes\solace\inc\compatibility\elementor\color.php on line 139
[03-Oct-2025 11:51:53 UTC] PHP Warning:  Undefined array key "system_colors" in C:\Users\hp\Local Sites\portfolio\app\public\wp-content\themes\solace\inc\compatibility\elementor\color.php on line 144
[03-Oct-2025 11:51:53 UTC] PHP Warning:  Trying to access array offset on value of type null in C:\Users\hp\Local Sites\portfolio\app\public\wp-content\themes\solace\inc\compatibility\elementor\color.php on line 144
[03-Oct-2025 11:51:53 UTC] PHP Warning:  Trying to access array offset on value of type null in C:\Users\hp\Local Sites\portfolio\app\public\wp-content\themes\solace\inc\compatibility\elementor\color.php on line 144
[03-Oct-2025 11:51:53 UTC] PHP Warning:  Undefined array key "system_colors" in C:\Users\hp\Local Sites\portfolio\app\public\wp-content\themes\solace\inc\compatibility\elementor\color.php on line 152
[03-Oct-2025 11:51:53 UTC] PHP Warning:  Trying to access array offset on value of type null in C:\Users\hp\Local Sites\portfolio\app\public\wp-content\themes\solace\inc\compatibility\elementor\color.php on line 152
[03-Oct-2025 11:51:53 UTC] PHP Warning:  Trying to access array offset on value of type null in C:\Users\hp\Local Sites\portfolio\app\public\wp-content\themes\solace\inc\compatibility\elementor\color.php on line 152
[03-Oct-2025 11:51:53 UTC] PHP Warning:  Undefined array key "system_colors" in C:\Users\hp\Local Sites\portfolio\app\public\wp-content\themes\solace\inc\compatibility\elementor\color.php on line 154
[03-Oct-2025 11:51:53 UTC] PHP Warning:  Trying to access array offset on value of type null in C:\Users\hp\Local Sites\portfolio\app\public\wp-content\themes\solace\inc\compatibility\elementor\color.php on line 154
[03-Oct-2025 11:51:53 UTC] PHP Warning:  Trying to access array offset on value of type null in C:\Users\hp\Local Sites\portfolio\app\public\wp-content\themes\solace\inc\compatibility\elementor\color.php on line 154
[03-Oct-2025 12:28:02 UTC] PHP Warning:  Undefined array key "system_colors" in C:\Users\hp\Local Sites\portfolio\app\public\wp-content\themes\solace\inc\compatibility\elementor\color.php on line 139
[03-Oct-2025 12:28:02 UTC] PHP Warning:  Trying to access array offset on value of type null in C:\Users\hp\Local Sites\portfolio\app\public\wp-content\themes\solace\inc\compatibility\elementor\color.php on line 139
[03-Oct-2025 12:28:02 UTC] PHP Warning:  Trying to access array offset on value of type null in C:\Users\hp\Local Sites\portfolio\app\public\wp-content\themes\solace\inc\compatibility\elementor\color.php on line 139
[03-Oct-2025 12:28:02 UTC] PHP Warning:  Undefined array key "system_colors" in C:\Users\hp\Local Sites\portfolio\app\public\wp-content\themes\solace\inc\compatibility\elementor\color.php on line 144
[03-Oct-2025 12:28:02 UTC] PHP Warning:  Trying to access array offset on value of type null in C:\Users\hp\Local Sites\portfolio\app\public\wp-content\themes\solace\inc\compatibility\elementor\color.php on line 144
[03-Oct-2025 12:28:02 UTC] PHP Warning:  Trying to access array offset on value of type null in C:\Users\hp\Local Sites\portfolio\app\public\wp-content\themes\solace\inc\compatibility\elementor\color.php on line 144
[03-Oct-2025 12:28:02 UTC] PHP Warning:  Undefined array key "system_colors" in C:\Users\hp\Local Sites\portfolio\app\public\wp-content\themes\solace\inc\compatibility\elementor\color.php on line 152
[03-Oct-2025 12:28:02 UTC] PHP Warning:  Trying to access array offset on value of type null in C:\Users\hp\Local Sites\portfolio\app\public\wp-content\themes\solace\inc\compatibility\elementor\color.php on line 152
[03-Oct-2025 12:28:02 UTC] PHP Warning:  Trying to access array offset on value of type null in C:\Users\hp\Local Sites\portfolio\app\public\wp-content\themes\solace\inc\compatibility\elementor\color.php on line 152
[03-Oct-2025 12:28:02 UTC] PHP Warning:  Undefined array key "system_colors" in C:\Users\hp\Local Sites\portfolio\app\public\wp-content\themes\solace\inc\compatibility\elementor\color.php on line 154
[03-Oct-2025 12:28:02 UTC] PHP Warning:  Trying to access array offset on value of type null in C:\Users\hp\Local Sites\portfolio\app\public\wp-content\themes\solace\inc\compatibility\elementor\color.php on line 154
[03-Oct-2025 12:28:02 UTC] PHP Warning:  Trying to access array offset on value of type null in C:\Users\hp\Local Sites\portfolio\app\public\wp-content\themes\solace\inc\compatibility\elementor\color.php on line 154
[03-Oct-2025 12:28:27 UTC] PHP Warning:  Cannot modify header information - headers already sent by (output started at C:\Users\hp\Local Sites\portfolio\app\public\wp-content\themes\solace\inc\customizer.php:1427) in C:\Users\hp\Local Sites\portfolio\app\public\wp-admin\admin-header.php on line 14
[03-Oct-2025 12:37:27 UTC] PHP Warning:  Trying to access array offset on value of type bool in C:\Users\hp\Local Sites\portfolio\app\public\wp-content\themes\software-company-elementor\functions.php on line 380
[03-Oct-2025 12:37:27 UTC] PHP Warning:  Trying to access array offset on value of type bool in C:\Users\hp\Local Sites\portfolio\app\public\wp-content\themes\software-company-elementor\functions.php on line 381
[03-Oct-2025 12:37:27 UTC] PHP Warning:  Trying to access array offset on value of type bool in C:\Users\hp\Local Sites\portfolio\app\public\wp-content\themes\software-company-elementor\functions.php on line 382
[03-Oct-2025 12:37:27 UTC] PHP Fatal error:  Uncaught DivisionByZeroError: Division by zero in C:\Users\hp\Local Sites\portfolio\app\public\wp-content\themes\software-company-elementor\functions.php:383
Stack trace:
#0 C:\Users\hp\Local Sites\portfolio\app\public\wp-includes\class-wp-hook.php(324): software_company_elementor_logo_resizer('')
#1 C:\Users\hp\Local Sites\portfolio\app\public\wp-includes\class-wp-hook.php(348): WP_Hook->apply_filters(NULL, Array)
#2 C:\Users\hp\Local Sites\portfolio\app\public\wp-includes\plugin.php(517): WP_Hook->do_action(Array)
#3 C:\Users\hp\Local Sites\portfolio\app\public\wp-includes\script-loader.php(2299): do_action('wp_enqueue_scri...')
#4 C:\Users\hp\Local Sites\portfolio\app\public\wp-includes\class-wp-hook.php(324): wp_enqueue_scripts('')
#5 C:\Users\hp\Local Sites\portfolio\app\public\wp-includes\class-wp-hook.php(348): WP_Hook->apply_filters(NULL, Array)
#6 C:\Users\hp\Local Sites\portfolio\app\public\wp-includes\plugin.php(517): WP_Hook->do_action(Array)
#7 C:\Users\hp\Local Sites\portfolio\app\public\wp-includes\general-template.php(3192): do_action('wp_head')
#8 C:\Users\hp\Local Sites\portfolio\app\public\wp-content\themes\software-company-elementor\header.php(20): wp_head()
#9 C:\Users\hp\Local Sites\portfolio\app\public\wp-includes\template.php(810): require_once('C:\\Users\\hp\\Loc...')
#10 C:\Users\hp\Local Sites\portfolio\app\public\wp-includes\template.php(745): load_template('C:\\Users\\hp\\Loc...', true, Array)
#11 C:\Users\hp\Local Sites\portfolio\app\public\wp-includes\general-template.php(48): locate_template(Array, true, true, Array)
#12 C:\Users\hp\Local Sites\portfolio\app\public\wp-content\plugins\elementor\modules\page-templates\templates\header-footer.php(9): get_header()
#13 C:\Users\hp\Local Sites\portfolio\app\public\wp-includes\template-loader.php(106): include('C:\\Users\\hp\\Loc...')
#14 C:\Users\hp\Local Sites\portfolio\app\public\wp-blog-header.php(19): require_once('C:\\Users\\hp\\Loc...')
#15 C:\Users\hp\Local Sites\portfolio\app\public\index.php(17): require('C:\\Users\\hp\\Loc...')
#16 {main}
  thrown in C:\Users\hp\Local Sites\portfolio\app\public\wp-content\themes\software-company-elementor\functions.php on line 383
[03-Oct-2025 12:45:12 UTC] [Image Optimizer]: info in ImageOptimization\Modules\Optimization\Classes\Optimize_Image->optimize(): Start optimization of 520
[03-Oct-2025 12:45:23 UTC] [Image Optimizer]: info in ImageOptimization\Modules\Optimization\Classes\Optimize_Image->optimize(): End optimization of 520
[03-Oct-2025 12:57:34 UTC] Cron reschedule event error for hook: action_scheduler_run_queue, Error code: could_not_set, Error message: The cron event list could not be saved., Data: {"schedule":"every_minute","args":["WP Cron"],"interval":60}
[03-Oct-2025 13:04:29 UTC] PHP Warning:  Undefined array key "system_colors" in C:\Users\hp\Local Sites\portfolio\app\public\wp-content\themes\solace\inc\compatibility\elementor\color.php on line 139
[03-Oct-2025 13:04:29 UTC] PHP Warning:  Trying to access array offset on value of type null in C:\Users\hp\Local Sites\portfolio\app\public\wp-content\themes\solace\inc\compatibility\elementor\color.php on line 139
[03-Oct-2025 13:04:29 UTC] PHP Warning:  Trying to access array offset on value of type null in C:\Users\hp\Local Sites\portfolio\app\public\wp-content\themes\solace\inc\compatibility\elementor\color.php on line 139
[03-Oct-2025 13:04:29 UTC] PHP Warning:  Undefined array key "system_colors" in C:\Users\hp\Local Sites\portfolio\app\public\wp-content\themes\solace\inc\compatibility\elementor\color.php on line 144
[03-Oct-2025 13:04:29 UTC] PHP Warning:  Trying to access array offset on value of type null in C:\Users\hp\Local Sites\portfolio\app\public\wp-content\themes\solace\inc\compatibility\elementor\color.php on line 144
[03-Oct-2025 13:04:29 UTC] PHP Warning:  Trying to access array offset on value of type null in C:\Users\hp\Local Sites\portfolio\app\public\wp-content\themes\solace\inc\compatibility\elementor\color.php on line 144
[03-Oct-2025 13:04:29 UTC] PHP Warning:  Undefined array key "system_colors" in C:\Users\hp\Local Sites\portfolio\app\public\wp-content\themes\solace\inc\compatibility\elementor\color.php on line 152
[03-Oct-2025 13:04:29 UTC] PHP Warning:  Trying to access array offset on value of type null in C:\Users\hp\Local Sites\portfolio\app\public\wp-content\themes\solace\inc\compatibility\elementor\color.php on line 152
[03-Oct-2025 13:04:29 UTC] PHP Warning:  Trying to access array offset on value of type null in C:\Users\hp\Local Sites\portfolio\app\public\wp-content\themes\solace\inc\compatibility\elementor\color.php on line 152
[03-Oct-2025 13:04:29 UTC] PHP Warning:  Undefined array key "system_colors" in C:\Users\hp\Local Sites\portfolio\app\public\wp-content\themes\solace\inc\compatibility\elementor\color.php on line 154
[03-Oct-2025 13:04:29 UTC] PHP Warning:  Trying to access array offset on value of type null in C:\Users\hp\Local Sites\portfolio\app\public\wp-content\themes\solace\inc\compatibility\elementor\color.php on line 154
[03-Oct-2025 13:04:29 UTC] PHP Warning:  Trying to access array offset on value of type null in C:\Users\hp\Local Sites\portfolio\app\public\wp-content\themes\solace\inc\compatibility\elementor\color.php on line 154
[03-Oct-2025 13:09:31 UTC] PHP Warning:  Undefined array key "system_colors" in C:\Users\hp\Local Sites\portfolio\app\public\wp-content\themes\solace\inc\compatibility\elementor\color.php on line 139
[03-Oct-2025 13:09:31 UTC] PHP Warning:  Trying to access array offset on value of type null in C:\Users\hp\Local Sites\portfolio\app\public\wp-content\themes\solace\inc\compatibility\elementor\color.php on line 139
[03-Oct-2025 13:09:31 UTC] PHP Warning:  Trying to access array offset on value of type null in C:\Users\hp\Local Sites\portfolio\app\public\wp-content\themes\solace\inc\compatibility\elementor\color.php on line 139
[03-Oct-2025 13:09:31 UTC] PHP Warning:  Undefined array key "system_colors" in C:\Users\hp\Local Sites\portfolio\app\public\wp-content\themes\solace\inc\compatibility\elementor\color.php on line 144
[03-Oct-2025 13:09:31 UTC] PHP Warning:  Trying to access array offset on value of type null in C:\Users\hp\Local Sites\portfolio\app\public\wp-content\themes\solace\inc\compatibility\elementor\color.php on line 144
[03-Oct-2025 13:09:31 UTC] PHP Warning:  Trying to access array offset on value of type null in C:\Users\hp\Local Sites\portfolio\app\public\wp-content\themes\solace\inc\compatibility\elementor\color.php on line 144
[03-Oct-2025 13:09:31 UTC] PHP Warning:  Undefined array key "system_colors" in C:\Users\hp\Local Sites\portfolio\app\public\wp-content\themes\solace\inc\compatibility\elementor\color.php on line 152
[03-Oct-2025 13:09:31 UTC] PHP Warning:  Trying to access array offset on value of type null in C:\Users\hp\Local Sites\portfolio\app\public\wp-content\themes\solace\inc\compatibility\elementor\color.php on line 152
[03-Oct-2025 13:09:31 UTC] PHP Warning:  Trying to access array offset on value of type null in C:\Users\hp\Local Sites\portfolio\app\public\wp-content\themes\solace\inc\compatibility\elementor\color.php on line 152
[03-Oct-2025 13:09:31 UTC] PHP Warning:  Undefined array key "system_colors" in C:\Users\hp\Local Sites\portfolio\app\public\wp-content\themes\solace\inc\compatibility\elementor\color.php on line 154
[03-Oct-2025 13:09:31 UTC] PHP Warning:  Trying to access array offset on value of type null in C:\Users\hp\Local Sites\portfolio\app\public\wp-content\themes\solace\inc\compatibility\elementor\color.php on line 154
[03-Oct-2025 13:09:31 UTC] PHP Warning:  Trying to access array offset on value of type null in C:\Users\hp\Local Sites\portfolio\app\public\wp-content\themes\solace\inc\compatibility\elementor\color.php on line 154
[03-Oct-2025 13:11:59 UTC] PHP Warning:  Undefined array key "system_colors" in C:\Users\hp\Local Sites\portfolio\app\public\wp-content\themes\solace\inc\compatibility\elementor\color.php on line 139
[03-Oct-2025 13:11:59 UTC] PHP Warning:  Trying to access array offset on value of type null in C:\Users\hp\Local Sites\portfolio\app\public\wp-content\themes\solace\inc\compatibility\elementor\color.php on line 139
[03-Oct-2025 13:11:59 UTC] PHP Warning:  Trying to access array offset on value of type null in C:\Users\hp\Local Sites\portfolio\app\public\wp-content\themes\solace\inc\compatibility\elementor\color.php on line 139
[03-Oct-2025 13:11:59 UTC] PHP Warning:  Undefined array key "system_colors" in C:\Users\hp\Local Sites\portfolio\app\public\wp-content\themes\solace\inc\compatibility\elementor\color.php on line 144
[03-Oct-2025 13:11:59 UTC] PHP Warning:  Trying to access array offset on value of type null in C:\Users\hp\Local Sites\portfolio\app\public\wp-content\themes\solace\inc\compatibility\elementor\color.php on line 144
[03-Oct-2025 13:11:59 UTC] PHP Warning:  Trying to access array offset on value of type null in C:\Users\hp\Local Sites\portfolio\app\public\wp-content\themes\solace\inc\compatibility\elementor\color.php on line 144
[03-Oct-2025 13:11:59 UTC] PHP Warning:  Undefined array key "system_colors" in C:\Users\hp\Local Sites\portfolio\app\public\wp-content\themes\solace\inc\compatibility\elementor\color.php on line 152
[03-Oct-2025 13:11:59 UTC] PHP Warning:  Trying to access array offset on value of type null in C:\Users\hp\Local Sites\portfolio\app\public\wp-content\themes\solace\inc\compatibility\elementor\color.php on line 152
[03-Oct-2025 13:11:59 UTC] PHP Warning:  Trying to access array offset on value of type null in C:\Users\hp\Local Sites\portfolio\app\public\wp-content\themes\solace\inc\compatibility\elementor\color.php on line 152
[03-Oct-2025 13:11:59 UTC] PHP Warning:  Undefined array key "system_colors" in C:\Users\hp\Local Sites\portfolio\app\public\wp-content\themes\solace\inc\compatibility\elementor\color.php on line 154
[03-Oct-2025 13:11:59 UTC] PHP Warning:  Trying to access array offset on value of type null in C:\Users\hp\Local Sites\portfolio\app\public\wp-content\themes\solace\inc\compatibility\elementor\color.php on line 154
[03-Oct-2025 13:11:59 UTC] PHP Warning:  Trying to access array offset on value of type null in C:\Users\hp\Local Sites\portfolio\app\public\wp-content\themes\solace\inc\compatibility\elementor\color.php on line 154
